 * Restarting DNS forwarder and DHCP server dnsmasq
   ...done.
[Modelarts Service Log][decrypt_modelarts_aes_env_by_key_client] export AWS_SECRET_ACCESS_KEY
[Modelarts Service Log]user: uid=1101(work) gid=1101(work) groups=1101(work)
[Modelarts Service Log]pwd: /home/work
[Modelarts Service Log]app_url: s3://my-obs-cn-north1/aifood-train/aifood/
[Modelarts Service Log]boot_file: aifood/main.py
[Modelarts Service Log]log_url: /tmp/log/trainjob-8594.log
[Modelarts Service Log]command: aifood/main.py --data_url=s3://my-obs-cn-north1/aifood/ --init_method=tcp://job29d91bfd-job-trainjob-8594-0:6666 --train_url=s3://my-obs-cn-north1/aifood-train/aifood/model/
[Modelarts Service Log]MODELARTS_IPOIB_DEVICE: 
[Modelarts Service Log]dependencies_file_dir: /home/work/user-job-dir/aifood
[Modelarts Service Log][modelarts_create_log] modelarts-pipe found
INFO:root:Using MoXing-v1.13.0-de803ac9
INFO:root:Using OBS-Python-SDK-3.1.2
[ModelArts Service Log]2019-09-11 21:06:24,506 - modelarts-downloader.py[line:548] - INFO: Main: modelarts-downloader starting with Namespace(dst='./', recursive=True, src='s3://my-obs-cn-north1/aifood-train/aifood/', trace=False, verbose=False)
[ModelArts Service Log]2019-09-11 21:06:24,558 - ilog.py[line:127] - WARNING: obsclient|initLog,305|[OBS SDK Version=3.1.2];[Endpoint=https://obs.myhuaweicloud.com:443];[Access Mode=Virtual Hosting]
/home/work/user-job-dir
[Modelarts Service Log][modelarts_logger] modelarts-pipe found
INFO:root:Using MoXing-v1.13.0-de803ac9
INFO:root:Using OBS-Python-SDK-3.1.2
WARNING:obsclient:obsclient|initLog,305|[OBS SDK Version=3.1.2];[Endpoint=https://obs.myhuaweicloud.com:443];[Access Mode=Virtual Hosting]
INFO:root:Listing OBS: 1000
INFO:root:Listing OBS: 2000
INFO:root:Listing OBS: 3000
INFO:root:Listing OBS: 4000
INFO:root:Listing OBS: 5000
INFO:root:Listing OBS: 6000
INFO:root:Listing OBS: 7000
INFO:root:Listing OBS: 8000
INFO:root:Listing OBS: 9000
INFO:root:Listing OBS: 10000
INFO:root:Listing OBS: 11000
INFO:root:Listing OBS: 12000
INFO:root:Listing OBS: 13000
INFO:root:Listing OBS: 14000
INFO:root:Listing OBS: 15000
INFO:root:Listing OBS: 16000
INFO:root:Listing OBS: 17000
INFO:root:Listing OBS: 18000
INFO:root:Listing OBS: 19000
INFO:root:Listing OBS: 20000
INFO:root:Listing OBS: 21000
INFO:root:Listing OBS: 22000
INFO:root:Listing OBS: 23000
INFO:root:Listing OBS: 24000
INFO:root:Listing OBS: 25000
INFO:root:Listing OBS: 26000
INFO:root:Listing OBS: 27000
INFO:root:Listing OBS: 28000
INFO:root:Listing OBS: 29000
INFO:root:Listing OBS: 30000
INFO:root:Listing OBS: 31000
INFO:root:Listing OBS: 32000
INFO:root:Listing OBS: 33000
INFO:root:Listing OBS: 34000
INFO:root:Listing OBS: 35000
INFO:root:Listing OBS: 36000
INFO:root:Listing OBS: 37000
INFO:root:Listing OBS: 38000
INFO:root:Listing OBS: 39000
INFO:root:Listing OBS: 40000
INFO:root:Listing OBS: 41000
INFO:root:Listing OBS: 42000
INFO:root:Listing OBS: 43000
INFO:root:Listing OBS: 44000
INFO:root:Listing OBS: 45000
INFO:root:Listing OBS: 46000
INFO:root:pid: None.	1000/45972
INFO:root:pid: None.	2000/45972
INFO:root:pid: None.	3000/45972
INFO:root:pid: None.	4000/45972
INFO:root:pid: None.	5000/45972
INFO:root:pid: None.	6000/45972
INFO:root:pid: None.	7000/45972
INFO:root:pid: None.	8000/45972
INFO:root:pid: None.	9000/45972
INFO:root:pid: None.	10000/45972
INFO:root:pid: None.	11000/45972
INFO:root:pid: None.	12000/45972
INFO:root:pid: None.	13000/45972
INFO:root:pid: None.	14000/45972
INFO:root:pid: None.	15000/45972
INFO:root:pid: None.	16000/45972
INFO:root:pid: None.	17000/45972
INFO:root:pid: None.	18000/45972
INFO:root:pid: None.	19000/45972
INFO:root:pid: None.	20000/45972
INFO:root:pid: None.	21000/45972
INFO:root:pid: None.	22000/45972
INFO:root:pid: None.	23000/45972
INFO:root:pid: None.	24000/45972
INFO:root:pid: None.	25000/45972
INFO:root:pid: None.	26000/45972
INFO:root:pid: None.	27000/45972
INFO:root:pid: None.	28000/45972
INFO:root:pid: None.	29000/45972
INFO:root:pid: None.	30000/45972
INFO:root:pid: None.	31000/45972
Degrade mode - ENTERING - (pid=189)  rename failed.  File in use?  exception=[Errno 2] No such file or directory: '/tmp/obs_logs/eSDK-OBS-PYTHON.log' -> '/tmp/obs_logs/eSDK-OBS-PYTHON.log.rotate.79695793'
Degrade mode - ENTERING - (pid=186)  rename failed.  File in use?  exception=[Errno 2] No such file or directory: '/tmp/obs_logs/eSDK-OBS-PYTHON.log' -> '/tmp/obs_logs/eSDK-OBS-PYTHON.log.rotate.18274156'
INFO:root:pid: None.	32000/45972
INFO:root:pid: None.	33000/45972
INFO:root:pid: None.	34000/45972
INFO:root:pid: None.	35000/45972
INFO:root:pid: None.	36000/45972
INFO:root:pid: None.	37000/45972
INFO:root:pid: None.	38000/45972
INFO:root:pid: None.	39000/45972
INFO:root:pid: None.	40000/45972
INFO:root:pid: None.	41000/45972
INFO:root:pid: None.	42000/45972
INFO:root:pid: None.	43000/45972
INFO:root:pid: None.	44000/45972
INFO:root:pid: None.	45000/45972
Traceback (most recent call last):
  File "aifood/main.py", line 79, in <module>
    main()
  File "aifood/main.py", line 50, in main
    batch_size=args.batch_size)
  File "/cache/user-job-dir/aifood/dataset_process.py", line 47, in dataprocess
    test_transform=test_transform)
  File "/cache/user-job-dir/aifood/dataset_process.py", line 15, in __init__
    with open(label) as label_txt:
FileNotFoundError: [Errno 2] No such file or directory: './train_label.txt'
